<?xml version="1.0" encoding="UTF-8"?>
<!-- Generated by org.testng.reporters.JUnitReportReporter -->
<testsuite hostname="LAPTOP-TJ33SVI5" name="DriverFactory.AppTest" tests="1" failures="0" timestamp="5 Apr 2021 05:46:43 GMT" time="15.289" errors="0">
  <testcase name="Erp_Stock" time="15.289" classname="DriverFactory.AppTest"/>
</testsuite> <!-- DriverFactory.AppTest -->
